окт 26, 2023 10:52:13 PM oop.seminar_7.example.OOPSeminar_7.servise.Calculator add
INFO: Result: 20.0 + 7.0i
окт 26, 2023 10:52:13 PM oop.seminar_7.example.OOPSeminar_7.servise.Calculator multiply
INFO: Operation multiply
окт 26, 2023 10:52:13 PM oop.seminar_7.example.OOPSeminar_7.servise.Calculator multiply
INFO: Result: 96.0 + 70.0i
окт 26, 2023 10:52:13 PM oop.seminar_7.example.OOPSeminar_7.servise.Calculator divide
INFO: Operation divide
окт 26, 2023 10:52:13 PM oop.seminar_7.example.OOPSeminar_7.servise.Calculator divide
INFO: Result: 1.0 + 0.09174311926605505i
окт 26, 2023 10:52:44 PM oop.seminar_7.example.OOPSeminar_7.servise.Calculator add
INFO: Result: 20.0 + 7.0i
окт 26, 2023 10:52:45 PM oop.seminar_7.example.OOPSeminar_7.servise.Calculator multiply
INFO: Operation multiply
окт 26, 2023 10:52:45 PM oop.seminar_7.example.OOPSeminar_7.servise.Calculator multiply
INFO: Result: 96.0 + 70.0i
окт 26, 2023 10:52:45 PM oop.seminar_7.example.OOPSeminar_7.servise.Calculator divide
INFO: Operation divide
окт 26, 2023 10:52:45 PM oop.seminar_7.example.OOPSeminar_7.servise.Calculator divide
INFO: Result: 1.0 + 0.09174311926605505i
окт 26, 2023 10:53:44 PM oop.seminar_7.example.OOPSeminar_7.servise.Calculator add
INFO: Result: 20.0 + 7.0i
окт 26, 2023 10:53:44 PM oop.seminar_7.example.OOPSeminar_7.servise.Calculator multiply
INFO: Operation multiply
окт 26, 2023 10:53:44 PM oop.seminar_7.example.OOPSeminar_7.servise.Calculator multiply
INFO: Result: 96.0 + 70.0i
окт 26, 2023 10:53:44 PM oop.seminar_7.example.OOPSeminar_7.servise.Calculator divide
INFO: Operation divide
окт 26, 2023 10:53:44 PM oop.seminar_7.example.OOPSeminar_7.servise.Calculator divide
INFO: Result: 1.0 + 0.09174311926605505i
окт 26, 2023 10:54:27 PM oop.seminar_7.example.OOPSeminar_7.servise.Calculator add
INFO: Result: 20.0 + 7.0i
окт 26, 2023 10:54:27 PM oop.seminar_7.example.OOPSeminar_7.servise.Calculator multiply
INFO: Operation multiply
окт 26, 2023 10:54:27 PM oop.seminar_7.example.OOPSeminar_7.servise.Calculator multiply
INFO: Result: 96.0 + 70.0i
окт 26, 2023 10:54:27 PM oop.seminar_7.example.OOPSeminar_7.servise.Calculator divide
INFO: Operation divide
окт 26, 2023 10:54:27 PM oop.seminar_7.example.OOPSeminar_7.servise.Calculator divide
INFO: Result: 1.0 + 0.09174311926605505i
